#
# There is insufficient memory for the Java Runtime Environment to continue.
# Native memory allocation (mmap) failed to map 132120576 bytes for Failed to commit area from 0x0000000082400000 to 0x000000008a200000 of length 132120576.
# Possible reasons:
#   The system is out of physical RAM or swap space
#   The process is running with CompressedOops enabled, and the Java Heap may be blocking the growth of the native heap
# Possible solutions:
#   Reduce memory load on the system
#   Increase physical memory or swap space
#   Check if swap backing store is full
#   Decrease Java heap size (-Xmx/-Xms)
#   Decrease number of Java threads
#   Decrease Java thread stack sizes (-Xss)
#   Set larger code cache with -XX:ReservedCodeCacheSize=
#   JVM is running with Unscaled Compressed Oops mode in which the Java heap is
#     placed in the first 4GB address space. The Java Heap base address is the
#     maximum limit for the native heap growth. Please use -XX:HeapBaseMinAddress
#     to set the Java Heap base and to place the Java Heap above 4GB virtual address.
# This output file may be truncated or incomplete.
#
#  Out of Memory Error (./open/src/hotspot/os/windows/os_windows.cpp:3315), pid=2932, tid=19500
#
# JRE version:  (14.0.2+12) (build )
# Java VM: Java HotSpot(TM) 64-Bit Server VM (14.0.2+12-46, mixed mode, sharing, tiered, compressed oops, g1 gc, windows-amd64)
# No core dump will be written. Minidumps are not enabled by default on client versions of Windows
#

---------------  S U M M A R Y ------------

Command Line: -Dfile.encoding=UTF-8 --module-path=D:\Files\CIT\M.Sc.DCS\3rd Semester\17MDC38 OOPS lab using JAVA\Notepad\build\classes notepad.Notepad

Host: Intel(R) Core(TM) i5-8300H CPU @ 2.30GHz, 8 cores, 7G,  Windows 10 , 64 bit Build 22000 (10.0.22000.318)
Time: Mon Dec 27 04:44:41 2021 India Standard Time elapsed time: 0 seconds (0d 0h 0m 0s)

---------------  T H R E A D  ---------------

Current thread (0x000001f32944d000):  JavaThread "Unknown thread" [_thread_in_vm, id=19500, stack(0x000000ddec500000,0x000000ddec600000)]

Stack: [0x000000ddec500000,0x000000ddec600000]
Native frames: (J=compiled Java code, j=interpreted, Vv=VM code, C=native code)
V  [jvm.dll+0x5f8a9a]
V  [jvm.dll+0x74247a]
V  [jvm.dll+0x743c2f]
V  [jvm.dll+0x744273]
V  [jvm.dll+0x20d288]
V  [jvm.dll+0x5f5dea]
V  [jvm.dll+0x5eac45]
V  [jvm.dll+0x2c7e9c]
V  [jvm.dll+0x2c7cd2]
V  [jvm.dll+0x2cdbbc]
V  [jvm.dll+0x313fe8]
V  [jvm.dll+0x313710]
V  [jvm.dll+0x2a092a]
V  [jvm.dll+0x2a1a79]
V  [jvm.dll+0x71fd48]
V  [jvm.dll+0x321c14]
V  [jvm.dll+0x70112c]
V  [jvm.dll+0x392def]
V  [jvm.dll+0x394e61]
C  [jli.dll+0x524b]
C  [ucrtbase.dll+0x26c0c]
C  [KERNEL32.DLL+0x154e0]
C  [ntdll.dll+0x485b]


---------------  P R O C E S S  ---------------

Threads class SMR info:
_java_thread_list=0x00007ffdb6993038, length=0, elements={
}

Java Threads: ( => current thread )

Other Threads:
  0x000001f32b541800 GCTaskThread "GC Thread#0" [stack: 0x000000ddec600000,0x000000ddec700000] [id=26864]
  0x000001f32b553000 ConcurrentGCThread "G1 Main Marker" [stack: 0x000000ddec700000,0x000000ddec800000] [id=16220]
  0x000001f32b554000 ConcurrentGCThread "G1 Conc#0" [stack: 0x000000ddec800000,0x000000ddec900000] [id=22228]

[error occurred during error reporting (printing all threads), id 0xc0000005, EXCEPTION_ACCESS_VIOLATION (0xc0000005) at pc=0x00007ffdb61c1257]

VM state:not at safepoint (not fully initialized)

VM Mutex/Monitor currently owned by a thread:  ([mutex/lock_event])
[0x000001f32944c7d0] Heap_lock - owner thread: 0x000001f32944d000

Heap address: 0x0000000082400000, size: 2012 MB, Compressed Oops mode: 32-bit
Narrow klass base: 0x0000000000000000, Narrow klass shift: 0

GC Heap History (0 events):
No events

Deoptimization events (0 events):
No events

Classes unloaded (0 events):
No events

Classes redefined (0 events):
No events

Internal exceptions (0 events):
No events

Events (2 events):
Event: 0.005 Loaded shared library C:\Program Files\Java\jdk-14.0.2\bin\java.dll
Event: 0.005 Loaded shared library C:\Program Files\Java\jdk-14.0.2\bin\zip.dll


Dynamic libraries:
0x00007ff68d480000 - 0x00007ff68d48f000 	C:\Program Files\Java\jdk-14.0.2\bin\java.exe
0x00007ffe4c300000 - 0x00007ffe4c507000 	C:\WINDOWS\SYSTEM32\ntdll.dll
0x00007ffe4b500000 - 0x00007ffe4b5bd000 	C:\WINDOWS\System32\KERNEL32.DLL
0x00007ffe49e10000 - 0x00007ffe4a184000 	C:\WINDOWS\System32\KERNELBASE.dll
0x00007ffe49950000 - 0x00007ffe49a61000 	C:\WINDOWS\System32\ucrtbase.dll
0x00007ffe235a0000 - 0x00007ffe235b5000 	C:\Program Files\Java\jdk-14.0.2\bin\VCRUNTIME140.dll
0x00007ffe2e110000 - 0x00007ffe2e128000 	C:\Program Files\Java\jdk-14.0.2\bin\jli.dll
0x00007ffe4bdc0000 - 0x00007ffe4be6c000 	C:\WINDOWS\System32\ADVAPI32.dll
0x00007ffe4a7e0000 - 0x00007ffe4a883000 	C:\WINDOWS\System32\msvcrt.dll
0x00007ffe4a530000 - 0x00007ffe4a5cd000 	C:\WINDOWS\System32\sechost.dll
0x00007ffe4b640000 - 0x00007ffe4b761000 	C:\WINDOWS\System32\RPCRT4.dll
0x00007ffe4c080000 - 0x00007ffe4c22c000 	C:\WINDOWS\System32\USER32.dll
0x00007ffe2bbb0000 - 0x00007ffe2be55000 	C:\WINDOWS\WinSxS\amd64_microsoft.windows.common-controls_6595b64144ccf1df_6.0.22000.120_none_9d947278b86cc467\COMCTL32.dll
0x00007ffe49d40000 - 0x00007ffe49d66000 	C:\WINDOWS\System32\win32u.dll
0x00007ffe4a7b0000 - 0x00007ffe4a7d9000 	C:\WINDOWS\System32\GDI32.dll
0x00007ffe49c20000 - 0x00007ffe49d32000 	C:\WINDOWS\System32\gdi32full.dll
0x00007ffe49d70000 - 0x00007ffe49e0d000 	C:\WINDOWS\System32\msvcp_win.dll
0x00007ffe43db0000 - 0x00007ffe43dba000 	C:\WINDOWS\SYSTEM32\VERSION.dll
0x00007ffe4a890000 - 0x00007ffe4a8c1000 	C:\WINDOWS\System32\IMM32.DLL
0x00007ffdfa5b0000 - 0x00007ffdfa64b000 	C:\Program Files\Java\jdk-14.0.2\bin\msvcp140.dll
0x00007ffdb5f10000 - 0x00007ffdb6a2e000 	C:\Program Files\Java\jdk-14.0.2\bin\server\jvm.dll
0x00007ffe4a190000 - 0x00007ffe4a198000 	C:\WINDOWS\System32\PSAPI.DLL
0x00007ffe441a0000 - 0x00007ffe441d3000 	C:\WINDOWS\SYSTEM32\WINMM.dll
0x00007ffe32120000 - 0x00007ffe32129000 	C:\WINDOWS\SYSTEM32\WSOCK32.dll
0x00007ffe4b790000 - 0x00007ffe4b7ff000 	C:\WINDOWS\System32\WS2_32.dll
0x00007ffe48940000 - 0x00007ffe48958000 	C:\WINDOWS\SYSTEM32\kernel.appcore.dll
0x00007ffe15720000 - 0x00007ffe1572a000 	C:\Program Files\Java\jdk-14.0.2\bin\jimage.dll
0x00007ffe47320000 - 0x00007ffe47541000 	C:\WINDOWS\SYSTEM32\DBGHELP.DLL
0x00007ffe32580000 - 0x00007ffe325b1000 	C:\WINDOWS\SYSTEM32\dbgcore.DLL
0x00007ffe49ba0000 - 0x00007ffe49c1f000 	C:\WINDOWS\System32\bcryptPrimitives.dll
0x00007ffe23570000 - 0x00007ffe23595000 	C:\Program Files\Java\jdk-14.0.2\bin\java.dll
0x00007ffe12050000 - 0x00007ffe12066000 	C:\Program Files\Java\jdk-14.0.2\bin\zip.dll

dbghelp: loaded successfully - version: 4.0.5 - missing functions: none
symbol engine: initialized successfully - sym options: 0x614 - pdb path: .;C:\Program Files\Java\jdk-14.0.2\bin;C:\WINDOWS\SYSTEM32;C:\WINDOWS\WinSxS\amd64_microsoft.windows.common-controls_6595b64144ccf1df_6.0.22000.120_none_9d947278b86cc467;C:\Program Files\Java\jdk-14.0.2\bin\server

VM Arguments:
jvm_args: -Dfile.encoding=UTF-8 --module-path=D:\Files\CIT\M.Sc.DCS\3rd Semester\17MDC38 OOPS lab using JAVA\Notepad\build\classes 
java_command: notepad.Notepad
java_class_path (initial): D:\Files\CIT\M.Sc.DCS\3rd Semester\17MDC38 OOPS lab using JAVA\Notepad\build\classes
Launcher Type: SUN_STANDARD

[Global flags]
     intx CICompilerCount                          = 4                                         {product} {ergonomic}
     uint ConcGCThreads                            = 2                                         {product} {ergonomic}
     uint G1ConcRefinementThreads                  = 8                                         {product} {ergonomic}
   size_t G1HeapRegionSize                         = 1048576                                   {product} {ergonomic}
    uintx GCDrainStackTargetSize                   = 64                                        {product} {ergonomic}
   size_t InitialHeapSize                          = 132120576                                 {product} {ergonomic}
   size_t MarkStackSize                            = 4194304                                   {product} {ergonomic}
   size_t MaxHeapSize                              = 2109734912                                {product} {ergonomic}
   size_t MinHeapDeltaBytes                        = 1048576                                   {product} {ergonomic}
   size_t MinHeapSize                              = 8388608                                   {product} {ergonomic}
    uintx NonNMethodCodeHeapSize                   = 5839372                                {pd product} {ergonomic}
    uintx NonProfiledCodeHeapSize                  = 122909434                              {pd product} {ergonomic}
    uintx ProfiledCodeHeapSize                     = 122909434                              {pd product} {ergonomic}
    uintx ReservedCodeCacheSize                    = 251658240                              {pd product} {ergonomic}
     bool SegmentedCodeCache                       = true                                      {product} {ergonomic}
   size_t SoftMaxHeapSize                          = 2109734912                             {manageable} {ergonomic}
     bool UseCompressedClassPointers               = true                                 {lp64_product} {ergonomic}
     bool UseCompressedOops                        = true                                 {lp64_product} {ergonomic}
     bool UseG1GC                                  = true                                      {product} {ergonomic}
     bool UseLargePagesIndividualAllocation        = false                                  {pd product} {ergonomic}

Logging:
Log output configuration:
 #0: stdout all=warning uptime,level,tags
 #1: stderr all=off uptime,level,tags

Environment Variables:
JAVA_HOME=C:\Program Files\Java\jdk-14.0.2\
PATH=C:\Program Files (x86)\Common Files\Oracle\Java\javapath;C:\oracle_19c\WINDOWS.X64_193000_db_home\bin;C:\Program Files\NVIDIA Corporation\NVIDIA NvDLISR;C:\WINDOWS\system32;C:\WINDOWS;C:\WINDOWS\System32\Wbem;C:\WINDOWS\System32\WindowsPowerShell\v1.0\;C:\WINDOWS\System32\OpenSSH\;C:\Users\JSVS\AppData\Local\Programs\Python\Python39\Scripts\;C:\Users\JSVS\AppData\Local\Programs\Python\Python39\;C:\Windows\System32;C:\Users\JSVS\Documents\utilities\ookla-speedtest-1.0.0-win64;C:\Users\JSVS\AppData\Local\Programs\Microsoft VS Code\bin;C:\Program Files (x86)\mingw-w64\i686-8.1.0-posix-dwarf-rt_v6-rev0\mingw32\bin;C:\Users\JSVS\AppData\Roaming\npm;C:\Users\JSVS\AppData\Local\Microsoft\WindowsApps;C:\adb;C:\Program Files\Sublime Text 3;C:\MinGW\bin;C:\Program Files\dotnet\;C:\Program Files\Java\jdk-14.0.2\bin\;C:\Program Files (x86)\Yarn\bin\;C:\WINDOWS\system32;C:\WINDOWS;C:\WINDOWS\System32\Wbem;C:\WINDOWS\System32\WindowsPowerShell\v1.0\;C:\WINDOWS\System32\OpenSSH\;C:\Program Files\Git\cmd;C:\Program Files\PuTTY\;C:\Program Files\nodejs\;C:\Users\JSVS\AppData\Local\Programs\Python\Python39\Scripts\;C:\Users\JSVS\AppData\Local\Programs\Python\Python39\;C:\Windows\System32;C:\Users\JSVS\Documents\utilities\ookla-speedtest-1.0.0-win64;C:\Users\JSVS\AppData\Local\Programs\Microsoft VS Code\bin;C:\Program Files (x86)\mingw-w64\i686-8.1.0-posix-dwarf-rt_v6-rev0\mingw32\bin;C:\WINDOWS\System32\WindowsPowerShell\v1.0;C:\Program Files\nodejs;C:\Users\JSVS\AppData\Local\Microsoft\WindowsApps;C:\xampp\php;C:\Users\JSVS\AppData\Local\Yarn\bin;C:\Users\JSVS\AppData\Roaming\npm;C:\Users\JSVS\AppData\Local\Programs\oh-my-posh\bin;C:\Users\JSVS\AppData\Local\Programs\oh-my-posh\themes;C:\Program Files (x86)\GitHub CLI\
USERNAME=JSVS
OS=Windows_NT
PROCESSOR_IDENTIFIER=Intel64 Family 6 Model 158 Stepping 10, GenuineIntel



---------------  S Y S T E M  ---------------

OS: Windows 10 , 64 bit Build 22000 (10.0.22000.318)
OS uptime: 0 days 7:28 hours
HyperV virtualization detected

CPU:total 8 (initial active 8) (4 cores per cpu, 2 threads per core) family 6 model 158 stepping 10, cmov, cx8, fxsr, mmx, sse, sse2, sse3, ssse3, sse4.1, sse4.2, popcnt, avx, avx2, aes, clmul, erms, 3dnowpref, lzcnt, ht, tsc, tscinvbit, bmi1, bmi2, adx, fma

Memory: 4k page, system-wide physical 8043M (479M free)
TotalPageFile size 32619M (AvailPageFile size 110M)
current process WorkingSet (physical memory assigned to process): 10M, peak: 10M
current process commit charge ("private bytes"): 60M, peak: 186M

vm_info: Java HotSpot(TM) 64-Bit Server VM (14.0.2+12-46) for windows-amd64 JRE (14.0.2+12-46), built on Jul  9 2020 00:35:52 by "mach5one" with MS VC++ 15.9 (VS2017)

END.
